
Query: 1
Nearest neighbor-1: 38621
distanceHypercube: 793.986776
distanceTrue: 676.584067
Nearest neighbor-2: 38621
distanceHypercube: 793.986776
distanceTrue: 793.986776
Nearest neighbor-3: 27060
distanceHypercube: 864.503904
distanceTrue: 862.676649
Nearest neighbor-4: 47004
distanceHypercube: 894.699950
distanceTrue: 864.503904
Nearest neighbor-5: 15261
distanceHypercube: 921.624110
distanceTrue: 894.699950
Nearest neighbor-6: 40369
distanceHypercube: 922.146951
distanceTrue: 909.704348
Nearest neighbor-7: 36396
distanceHypercube: 943.497218
distanceTrue: 917.632279
Nearest neighbor-8: 14771
distanceHypercube: 970.421558
distanceTrue: 921.624110
Nearest neighbor-9: 17229
distanceHypercube: 1005.588882
distanceTrue: 922.146951
Nearest neighbor-10: 27167
distanceHypercube: 1010.264322
distanceTrue: 943.497218
tHypercube: 6.000000
tTrue: 46.000000
1000-near neighbors:
Nearest neighbor-1: 38621
Nearest neighbor-2: 40369
Nearest neighbor-3: 47004
Nearest neighbor-4: 38621
Nearest neighbor-5: 15261
Nearest neighbor-6: 27060
Nearest neighbor-7: 14771
Nearest neighbor-8: 36396

Query: 2
Nearest neighbor-1: 46387
distanceHypercube: 1847.457442
distanceTrue: 1162.931640
Nearest neighbor-2: 32992
distanceHypercube: 1892.283013
distanceTrue: 1211.844462
Nearest neighbor-3: 32992
distanceHypercube: 1892.283013
distanceTrue: 1285.928458
Nearest neighbor-4: 15369
distanceHypercube: 1940.728471
distanceTrue: 1292.118416
Nearest neighbor-5: 25701
distanceHypercube: 1980.544875
distanceTrue: 1330.796378
Nearest neighbor-6: 40389
distanceHypercube: 1994.105313
distanceTrue: 1365.368082
Nearest neighbor-7: 28631
distanceHypercube: 2094.364820
distanceTrue: 1374.848355
Nearest neighbor-8: 30363
distanceHypercube: 2110.842249
distanceTrue: 1408.383826
Nearest neighbor-9: 42976
distanceHypercube: 2115.415798
distanceTrue: 1410.392853
Nearest neighbor-10: 32934
distanceHypercube: 2126.073846
distanceTrue: 1432.937891
tHypercube: 5.000000
tTrue: 46.000000
1000-near neighbors:

Query: 3
Nearest neighbor-1: 58742
distanceHypercube: 321.662867
distanceTrue: 321.662867
Nearest neighbor-2: 46513
distanceHypercube: 332.463532
distanceTrue: 332.463532
Nearest neighbor-3: 15225
distanceHypercube: 341.048384
distanceTrue: 341.048384
Nearest neighbor-4: 47334
distanceHypercube: 367.714563
distanceTrue: 367.714563
Nearest neighbor-5: 44039
distanceHypercube: 377.330094
distanceTrue: 377.330094
Nearest neighbor-6: 44039
distanceHypercube: 377.330094
distanceTrue: 416.665333
Nearest neighbor-7: 42532
distanceHypercube: 416.665333
distanceTrue: 429.134012
Nearest neighbor-8: 53362
distanceHypercube: 431.847195
distanceTrue: 431.847195
Nearest neighbor-9: 12579
distanceHypercube: 439.352933
distanceTrue: 439.352933
Nearest neighbor-10: 12579
distanceHypercube: 439.352933
distanceTrue: 442.757270
tHypercube: 5.000000
tTrue: 46.000000
1000-near neighbors:
Nearest neighbor-1: 4555
Nearest neighbor-2: 12107
Nearest neighbor-3: 12579
Nearest neighbor-4: 15975
Nearest neighbor-5: 20849
Nearest neighbor-6: 21819
Nearest neighbor-7: 28111
Nearest neighbor-8: 29429
Nearest neighbor-9: 38977
Nearest neighbor-10: 38986
Nearest neighbor-11: 40059
Nearest neighbor-12: 43880
Nearest neighbor-13: 44039
Nearest neighbor-14: 53595
Nearest neighbor-15: 14859
Nearest neighbor-16: 26727
Nearest neighbor-17: 39233
Nearest neighbor-18: 42532
Nearest neighbor-19: 54330
Nearest neighbor-20: 12533
Nearest neighbor-21: 36381
Nearest neighbor-22: 36389
Nearest neighbor-23: 48254
Nearest neighbor-24: 48519
Nearest neighbor-25: 30910
Nearest neighbor-26: 58589
Nearest neighbor-27: 3603
Nearest neighbor-28: 3879
Nearest neighbor-29: 4709
Nearest neighbor-30: 13511
Nearest neighbor-31: 14155
Nearest neighbor-32: 16652
Nearest neighbor-33: 17030
Nearest neighbor-34: 22005
Nearest neighbor-35: 22851
Nearest neighbor-36: 26100
Nearest neighbor-37: 27064
Nearest neighbor-38: 29519
Nearest neighbor-39: 31167
Nearest neighbor-40: 32475
Nearest neighbor-41: 32497
Nearest neighbor-42: 32636
Nearest neighbor-43: 32888
Nearest neighbor-44: 34797
Nearest neighbor-45: 38040
Nearest neighbor-46: 41387
Nearest neighbor-47: 42157
Nearest neighbor-48: 42838
Nearest neighbor-49: 43928
Nearest neighbor-50: 43952
Nearest neighbor-51: 44623
Nearest neighbor-52: 49339
Nearest neighbor-53: 50789
Nearest neighbor-54: 54693
Nearest neighbor-55: 57340
Nearest neighbor-56: 58914
Nearest neighbor-57: 539
Nearest neighbor-58: 7610
Nearest neighbor-59: 9299
Nearest neighbor-60: 18453
Nearest neighbor-61: 23161
Nearest neighbor-62: 23741
Nearest neighbor-63: 25667
Nearest neighbor-64: 34468
Nearest neighbor-65: 35405
Nearest neighbor-66: 42948
Nearest neighbor-67: 46519
Nearest neighbor-68: 49135
Nearest neighbor-69: 52221
Nearest neighbor-70: 52778
Nearest neighbor-71: 54717
Nearest neighbor-72: 58092
Nearest neighbor-73: 511
Nearest neighbor-74: 17749
Nearest neighbor-75: 49593
Nearest neighbor-76: 11229
Nearest neighbor-77: 11388
Nearest neighbor-78: 16363
Nearest neighbor-79: 16945
Nearest neighbor-80: 19675
Nearest neighbor-81: 21576
Nearest neighbor-82: 25752
Nearest neighbor-83: 31297
Nearest neighbor-84: 37599
Nearest neighbor-85: 46513
Nearest neighbor-86: 56350
Nearest neighbor-87: 57095
Nearest neighbor-88: 58742
Nearest neighbor-89: 4555
Nearest neighbor-90: 12107
Nearest neighbor-91: 12579
Nearest neighbor-92: 15975
Nearest neighbor-93: 20849
Nearest neighbor-94: 21819
Nearest neighbor-95: 28111
Nearest neighbor-96: 29429
Nearest neighbor-97: 38977
Nearest neighbor-98: 38986
Nearest neighbor-99: 40059
Nearest neighbor-100: 43880
Nearest neighbor-101: 44039
Nearest neighbor-102: 53595
Nearest neighbor-103: 7974
Nearest neighbor-104: 16309
Nearest neighbor-105: 21102
Nearest neighbor-106: 21144
Nearest neighbor-107: 22165
Nearest neighbor-108: 24627
Nearest neighbor-109: 27559
Nearest neighbor-110: 39555
Nearest neighbor-111: 42769
Nearest neighbor-112: 42853
Nearest neighbor-113: 45666
Nearest neighbor-114: 56913
Nearest neighbor-115: 56368
Nearest neighbor-116: 58910
Nearest neighbor-117: 677
Nearest neighbor-118: 1659
Nearest neighbor-119: 5115
Nearest neighbor-120: 6610
Nearest neighbor-121: 7470
Nearest neighbor-122: 8395
Nearest neighbor-123: 8739
Nearest neighbor-124: 8917
Nearest neighbor-125: 9816
Nearest neighbor-126: 10086
Nearest neighbor-127: 10984
Nearest neighbor-128: 11902
Nearest neighbor-129: 12363
Nearest neighbor-130: 14428
Nearest neighbor-131: 15256
Nearest neighbor-132: 16448
Nearest neighbor-133: 16671
Nearest neighbor-134: 16692
Nearest neighbor-135: 20065
Nearest neighbor-136: 20989
Nearest neighbor-137: 22344
Nearest neighbor-138: 24169
Nearest neighbor-139: 24488
Nearest neighbor-140: 24825
Nearest neighbor-141: 25164
Nearest neighbor-142: 25859
Nearest neighbor-143: 27872
Nearest neighbor-144: 28719
Nearest neighbor-145: 29680
Nearest neighbor-146: 29741
Nearest neighbor-147: 32379
Nearest neighbor-148: 35415
Nearest neighbor-149: 36956
Nearest neighbor-150: 38526
Nearest neighbor-151: 38737
Nearest neighbor-152: 40881
Nearest neighbor-153: 42519
Nearest neighbor-154: 43706
Nearest neighbor-155: 43911
Nearest neighbor-156: 43981
Nearest neighbor-157: 44628
Nearest neighbor-158: 46174
Nearest neighbor-159: 47311
Nearest neighbor-160: 47334
Nearest neighbor-161: 47395
Nearest neighbor-162: 47869
Nearest neighbor-163: 51006
Nearest neighbor-164: 51901
Nearest neighbor-165: 52057
Nearest neighbor-166: 52343
Nearest neighbor-167: 52851
Nearest neighbor-168: 53362
Nearest neighbor-169: 53594
Nearest neighbor-170: 54095
Nearest neighbor-171: 54214
Nearest neighbor-172: 54260
Nearest neighbor-173: 55280
Nearest neighbor-174: 55989
Nearest neighbor-175: 56903
Nearest neighbor-176: 57251
Nearest neighbor-177: 58888
Nearest neighbor-178: 58890
Nearest neighbor-179: 19553
Nearest neighbor-180: 2152
Nearest neighbor-181: 5124
Nearest neighbor-182: 8971
Nearest neighbor-183: 11868
Nearest neighbor-184: 15225
Nearest neighbor-185: 15241
Nearest neighbor-186: 17403
Nearest neighbor-187: 26611
Nearest neighbor-188: 36787
Nearest neighbor-189: 41419
Nearest neighbor-190: 44936
Nearest neighbor-191: 53892
Nearest neighbor-192: 59546
Nearest neighbor-193: 56017
Nearest neighbor-194: 11836
Nearest neighbor-195: 13701
Nearest neighbor-196: 44683
Nearest neighbor-197: 46955
Nearest neighbor-198: 9431
Nearest neighbor-199: 14017
Nearest neighbor-200: 1045
Nearest neighbor-201: 2938
Nearest neighbor-202: 2939
Nearest neighbor-203: 4391
Nearest neighbor-204: 7911
Nearest neighbor-205: 8964
Nearest neighbor-206: 10377
Nearest neighbor-207: 14725
Nearest neighbor-208: 16368
Nearest neighbor-209: 20475
Nearest neighbor-210: 24484
Nearest neighbor-211: 25113
Nearest neighbor-212: 25265
Nearest neighbor-213: 25415
Nearest neighbor-214: 32598
Nearest neighbor-215: 35267

Query: 4
Nearest neighbor-1: 29045
distanceHypercube: 1221.582580
distanceTrue: 1221.582580
Nearest neighbor-2: 1878
distanceHypercube: 1297.786577
distanceTrue: 1228.232063
Nearest neighbor-3: 48808
distanceHypercube: 1304.358846
distanceTrue: 1238.338807
Nearest neighbor-4: 28428
distanceHypercube: 1324.513118
distanceTrue: 1251.648912
Nearest neighbor-5: 452
distanceHypercube: 1394.305562
distanceTrue: 1297.786577
Nearest neighbor-6: 34393
distanceHypercube: 1445.283709
distanceTrue: 1304.358846
Nearest neighbor-7: 46654
distanceHypercube: 1457.535591
distanceTrue: 1304.548198
Nearest neighbor-8: 3263
distanceHypercube: 1524.085299
distanceTrue: 1309.824416
Nearest neighbor-9: 47741
distanceHypercube: 1536.335575
distanceTrue: 1317.403127
Nearest neighbor-10: 53685
distanceHypercube: 1540.155512
distanceTrue: 1324.513118
tHypercube: 6.000000
tTrue: 46.000000
1000-near neighbors:

Query: 5
Nearest neighbor-1: 5407
distanceHypercube: 1382.040159
distanceTrue: 1092.534668
Nearest neighbor-2: 38271
distanceHypercube: 1394.637229
distanceTrue: 1096.045619
Nearest neighbor-3: 3999
distanceHypercube: 1409.609166
distanceTrue: 1169.343833
Nearest neighbor-4: 55991
distanceHypercube: 1427.410943
distanceTrue: 1171.875847
Nearest neighbor-5: 5047
distanceHypercube: 1510.486346
distanceTrue: 1194.180053
Nearest neighbor-6: 32684
distanceHypercube: 1576.719379
distanceTrue: 1213.618556
Nearest neighbor-7: 10813
distanceHypercube: 1578.433401
distanceTrue: 1239.341761
Nearest neighbor-8: 22685
distanceHypercube: 1588.228573
distanceTrue: 1247.816894
Nearest neighbor-9: 22685
distanceHypercube: 1588.228573
distanceTrue: 1288.207670
Nearest neighbor-10: 31037
distanceHypercube: 1588.738493
distanceTrue: 1293.149643
tHypercube: 5.000000
tTrue: 46.000000
1000-near neighbors:

Query: 6
Nearest neighbor-1: 30810
distanceHypercube: 298.124135
distanceTrue: 298.124135
Nearest neighbor-2: 3469
distanceHypercube: 373.041553
distanceTrue: 312.121771
Nearest neighbor-3: 52628
distanceHypercube: 389.914093
distanceTrue: 373.041553
Nearest neighbor-4: 52269
distanceHypercube: 394.517427
distanceTrue: 389.914093
Nearest neighbor-5: 52269
distanceHypercube: 394.517427
distanceTrue: 394.517427
Nearest neighbor-6: 17102
distanceHypercube: 474.618794
distanceTrue: 420.812310
Nearest neighbor-7: 17102
distanceHypercube: 474.618794
distanceTrue: 429.627746
Nearest neighbor-8: 19881
distanceHypercube: 482.591960
distanceTrue: 437.715661
Nearest neighbor-9: 16547
distanceHypercube: 486.061724
distanceTrue: 444.886502
Nearest neighbor-10: 16547
distanceHypercube: 486.061724
distanceTrue: 456.861029
tHypercube: 6.000000
tTrue: 47.000000
1000-near neighbors:
Nearest neighbor-1: 1628
Nearest neighbor-2: 1681
Nearest neighbor-3: 1704
Nearest neighbor-4: 2178
Nearest neighbor-5: 2646
Nearest neighbor-6: 4994
Nearest neighbor-7: 6357
Nearest neighbor-8: 6412
Nearest neighbor-9: 7186
Nearest neighbor-10: 7942
Nearest neighbor-11: 8807
Nearest neighbor-12: 11044
Nearest neighbor-13: 11136
Nearest neighbor-14: 13502
Nearest neighbor-15: 13726
Nearest neighbor-16: 16510
Nearest neighbor-17: 16547
Nearest neighbor-18: 17102
Nearest neighbor-19: 18542
Nearest neighbor-20: 20830
Nearest neighbor-21: 22456
Nearest neighbor-22: 22736
Nearest neighbor-23: 23204
Nearest neighbor-24: 23246
Nearest neighbor-25: 23343
Nearest neighbor-26: 23922
Nearest neighbor-27: 23994
Nearest neighbor-28: 24896
Nearest neighbor-29: 24934
Nearest neighbor-30: 25004
Nearest neighbor-31: 25323
Nearest neighbor-32: 25652
Nearest neighbor-33: 25780
Nearest neighbor-34: 25877
Nearest neighbor-35: 26515
Nearest neighbor-36: 27455
Nearest neighbor-37: 27856
Nearest neighbor-38: 29316
Nearest neighbor-39: 29841
Nearest neighbor-40: 30365
Nearest neighbor-41: 35314
Nearest neighbor-42: 35601
Nearest neighbor-43: 36852
Nearest neighbor-44: 38861
Nearest neighbor-45: 39170
Nearest neighbor-46: 39238
Nearest neighbor-47: 40034
Nearest neighbor-48: 40316
Nearest neighbor-49: 40832
Nearest neighbor-50: 44221
Nearest neighbor-51: 45704
Nearest neighbor-52: 46226
Nearest neighbor-53: 47961
Nearest neighbor-54: 51976
Nearest neighbor-55: 52269
Nearest neighbor-56: 52522
Nearest neighbor-57: 52732
Nearest neighbor-58: 53540
Nearest neighbor-59: 53588
Nearest neighbor-60: 53792
Nearest neighbor-61: 55325
Nearest neighbor-62: 55602
Nearest neighbor-63: 56457
Nearest neighbor-64: 57998
Nearest neighbor-65: 58052
Nearest neighbor-66: 58124
Nearest neighbor-67: 58452
Nearest neighbor-68: 58619
Nearest neighbor-69: 1446
Nearest neighbor-70: 2933
Nearest neighbor-71: 7473
Nearest neighbor-72: 10366
Nearest neighbor-73: 15540
Nearest neighbor-74: 16839
Nearest neighbor-75: 20466
Nearest neighbor-76: 31034
Nearest neighbor-77: 31428
Nearest neighbor-78: 34514
Nearest neighbor-79: 36452
Nearest neighbor-80: 37743
Nearest neighbor-81: 55418
Nearest neighbor-82: 467
Nearest neighbor-83: 1322
Nearest neighbor-84: 1608
Nearest neighbor-85: 1698
Nearest neighbor-86: 2531
Nearest neighbor-87: 2871
Nearest neighbor-88: 6263
Nearest neighbor-89: 6278
Nearest neighbor-90: 6381
Nearest neighbor-91: 9405
Nearest neighbor-92: 14197
Nearest neighbor-93: 15440
Nearest neighbor-94: 15562
Nearest neighbor-95: 15633
Nearest neighbor-96: 17705
Nearest neighbor-97: 19881
Nearest neighbor-98: 20675
Nearest neighbor-99: 21071
Nearest neighbor-100: 21095
Nearest neighbor-101: 22645
Nearest neighbor-102: 23177
Nearest neighbor-103: 23853
Nearest neighbor-104: 24536
Nearest neighbor-105: 25104
Nearest neighbor-106: 25765
Nearest neighbor-107: 26486
Nearest neighbor-108: 26960
Nearest neighbor-109: 30032
Nearest neighbor-110: 30437
Nearest neighbor-111: 31082
Nearest neighbor-112: 32825
Nearest neighbor-113: 34163
Nearest neighbor-114: 36383
Nearest neighbor-115: 36470
Nearest neighbor-116: 36559
Nearest neighbor-117: 36934
Nearest neighbor-118: 38456
Nearest neighbor-119: 40374
Nearest neighbor-120: 41493
Nearest neighbor-121: 42099
Nearest neighbor-122: 42547
Nearest neighbor-123: 44037
Nearest neighbor-124: 46851
Nearest neighbor-125: 48184
Nearest neighbor-126: 48752
Nearest neighbor-127: 48849
Nearest neighbor-128: 50159
Nearest neighbor-129: 52628
Nearest neighbor-130: 53762
Nearest neighbor-131: 54545
Nearest neighbor-132: 54774
Nearest neighbor-133: 56911
Nearest neighbor-134: 57685
Nearest neighbor-135: 57762
Nearest neighbor-136: 59518
Nearest neighbor-137: 3146
Nearest neighbor-138: 4980
Nearest neighbor-139: 6071
Nearest neighbor-140: 35926
Nearest neighbor-141: 42626
Nearest neighbor-142: 16268
Nearest neighbor-143: 7150
Nearest neighbor-144: 13515
Nearest neighbor-145: 14585
Nearest neighbor-146: 23292
Nearest neighbor-147: 23763
Nearest neighbor-148: 28480
Nearest neighbor-149: 28584
Nearest neighbor-150: 47536
Nearest neighbor-151: 51541
Nearest neighbor-152: 2048
Nearest neighbor-153: 6373
Nearest neighbor-154: 9736
Nearest neighbor-155: 15613
Nearest neighbor-156: 16234
Nearest neighbor-157: 20507
Nearest neighbor-158: 21738
Nearest neighbor-159: 22348
Nearest neighbor-160: 28483
Nearest neighbor-161: 28485
Nearest neighbor-162: 36034
Nearest neighbor-163: 36996
Nearest neighbor-164: 38573
Nearest neighbor-165: 39638
Nearest neighbor-166: 40780
Nearest neighbor-167: 43034
Nearest neighbor-168: 43086
Nearest neighbor-169: 46599
Nearest neighbor-170: 48721
Nearest neighbor-171: 51848
Nearest neighbor-172: 53426
Nearest neighbor-173: 53519
Nearest neighbor-174: 53888
Nearest neighbor-175: 56001
Nearest neighbor-176: 56883
Nearest neighbor-177: 2624
Nearest neighbor-178: 5495
Nearest neighbor-179: 5780
Nearest neighbor-180: 7913
Nearest neighbor-181: 11080
Nearest neighbor-182: 11440
Nearest neighbor-183: 13454
Nearest neighbor-184: 18287
Nearest neighbor-185: 19266
Nearest neighbor-186: 20238
Nearest neighbor-187: 21174
Nearest neighbor-188: 24565
Nearest neighbor-189: 27887
Nearest neighbor-190: 28168
Nearest neighbor-191: 28793
Nearest neighbor-192: 30810
Nearest neighbor-193: 34938
Nearest neighbor-194: 36434
Nearest neighbor-195: 38463
Nearest neighbor-196: 39604
Nearest neighbor-197: 39653
Nearest neighbor-198: 40328
Nearest neighbor-199: 40569
Nearest neighbor-200: 40717
Nearest neighbor-201: 42847
Nearest neighbor-202: 43215
Nearest neighbor-203: 45186
Nearest neighbor-204: 46783
Nearest neighbor-205: 47978
Nearest neighbor-206: 52868
Nearest neighbor-207: 53302
Nearest neighbor-208: 53322
Nearest neighbor-209: 54676
Nearest neighbor-210: 55450
Nearest neighbor-211: 55902
Nearest neighbor-212: 47217
Nearest neighbor-213: 4586
Nearest neighbor-214: 53410
Nearest neighbor-215: 55996
Nearest neighbor-216: 59672
Nearest neighbor-217: 3469
Nearest neighbor-218: 7997
Nearest neighbor-219: 9797
Nearest neighbor-220: 11955
Nearest neighbor-221: 16022
Nearest neighbor-222: 17474
Nearest neighbor-223: 17772
Nearest neighbor-224: 18696
Nearest neighbor-225: 19123
Nearest neighbor-226: 21201
Nearest neighbor-227: 22326
Nearest neighbor-228: 22849
Nearest neighbor-229: 24974
Nearest neighbor-230: 25525
Nearest neighbor-231: 26296
Nearest neighbor-232: 26952
Nearest neighbor-233: 27658
Nearest neighbor-234: 29266
Nearest neighbor-235: 29376
Nearest neighbor-236: 30147
Nearest neighbor-237: 32872
Nearest neighbor-238: 39365
Nearest neighbor-239: 39938
Nearest neighbor-240: 41239
Nearest neighbor-241: 58904
Nearest neighbor-242: 1628
Nearest neighbor-243: 1681
Nearest neighbor-244: 1704
Nearest neighbor-245: 2178
Nearest neighbor-246: 2646
Nearest neighbor-247: 4994
Nearest neighbor-248: 6357
Nearest neighbor-249: 6412
Nearest neighbor-250: 7186
Nearest neighbor-251: 7942
Nearest neighbor-252: 8807
Nearest neighbor-253: 11044
Nearest neighbor-254: 11136
Nearest neighbor-255: 13502
Nearest neighbor-256: 13726
Nearest neighbor-257: 16510
Nearest neighbor-258: 16547
Nearest neighbor-259: 17102
Nearest neighbor-260: 18542
Nearest neighbor-261: 20830
Nearest neighbor-262: 22456
Nearest neighbor-263: 22736
Nearest neighbor-264: 23204
Nearest neighbor-265: 23246
Nearest neighbor-266: 23343
Nearest neighbor-267: 23922
Nearest neighbor-268: 23994
Nearest neighbor-269: 24896
Nearest neighbor-270: 24934
Nearest neighbor-271: 25004
Nearest neighbor-272: 25323
Nearest neighbor-273: 25652
Nearest neighbor-274: 25780
Nearest neighbor-275: 25877
Nearest neighbor-276: 26515
Nearest neighbor-277: 27455
Nearest neighbor-278: 27856
Nearest neighbor-279: 29316
Nearest neighbor-280: 29841
Nearest neighbor-281: 30365
Nearest neighbor-282: 35314
Nearest neighbor-283: 35601
Nearest neighbor-284: 36852
Nearest neighbor-285: 38861
Nearest neighbor-286: 39170
Nearest neighbor-287: 39238
Nearest neighbor-288: 40034
Nearest neighbor-289: 40316
Nearest neighbor-290: 40832
Nearest neighbor-291: 44221
Nearest neighbor-292: 45704
Nearest neighbor-293: 46226
Nearest neighbor-294: 47961
Nearest neighbor-295: 51976
Nearest neighbor-296: 52269
Nearest neighbor-297: 52522
Nearest neighbor-298: 52732
Nearest neighbor-299: 53540
Nearest neighbor-300: 53588
Nearest neighbor-301: 53792
Nearest neighbor-302: 55325
Nearest neighbor-303: 55602
Nearest neighbor-304: 56457
Nearest neighbor-305: 57998
Nearest neighbor-306: 58052
Nearest neighbor-307: 58124
Nearest neighbor-308: 58452
Nearest neighbor-309: 58619
Nearest neighbor-310: 1497

Query: 7
Nearest neighbor-1: 19479
distanceHypercube: 1492.977562
distanceTrue: 1302.710636
Nearest neighbor-2: 38293
distanceHypercube: 1565.430612
distanceTrue: 1357.007001
Nearest neighbor-3: 50178
distanceHypercube: 1572.857591
distanceTrue: 1469.772431
Nearest neighbor-4: 15603
distanceHypercube: 1611.360295
distanceTrue: 1470.664136
Nearest neighbor-5: 23015
distanceHypercube: 1638.240825
distanceTrue: 1471.903529
Nearest neighbor-6: 54667
distanceHypercube: 1643.305510
distanceTrue: 1489.441506
Nearest neighbor-7: 39810
distanceHypercube: 1651.799019
distanceTrue: 1492.977562
Nearest neighbor-8: 48331
distanceHypercube: 1678.699497
distanceTrue: 1501.660747
Nearest neighbor-9: 35305
distanceHypercube: 1710.786953
distanceTrue: 1512.530000
Nearest neighbor-10: 35305
distanceHypercube: 1710.786953
distanceTrue: 1515.420404
tHypercube: 5.000000
tTrue: 46.000000
1000-near neighbors:

Query: 8
Nearest neighbor-1: 14816
distanceHypercube: 1458.509513
distanceTrue: 1289.698802
Nearest neighbor-2: 56682
distanceHypercube: 1527.681249
distanceTrue: 1396.002507
Nearest neighbor-3: 56528
distanceHypercube: 1570.740590
distanceTrue: 1407.506305
Nearest neighbor-4: 21617
distanceHypercube: 1666.419215
distanceTrue: 1458.509513
Nearest neighbor-5: 43359
distanceHypercube: 1706.795828
distanceTrue: 1470.165297
Nearest neighbor-6: 14828
distanceHypercube: 1716.403507
distanceTrue: 1477.582823
Nearest neighbor-7: 26283
distanceHypercube: 1723.302643
distanceTrue: 1505.047840
Nearest neighbor-8: 2521
distanceHypercube: 1751.028555
distanceTrue: 1510.888811
Nearest neighbor-9: 56508
distanceHypercube: 1794.111201
distanceTrue: 1527.681249
Nearest neighbor-10: 16107
distanceHypercube: 1805.968161
distanceTrue: 1555.034083
tHypercube: 6.000000
tTrue: 46.000000
1000-near neighbors:

Query: 9
Nearest neighbor-1: 16699
distanceHypercube: 2157.696457
distanceTrue: 1735.343770
Nearest neighbor-2: 40755
distanceHypercube: 2160.618661
distanceTrue: 1739.138867
Nearest neighbor-3: 4038
distanceHypercube: 2169.079759
distanceTrue: 1797.212842
Nearest neighbor-4: 7271
distanceHypercube: 2176.073528
distanceTrue: 1930.092485
Nearest neighbor-5: 53707
distanceHypercube: 2177.443455
distanceTrue: 1952.620547
Nearest neighbor-6: 29769
distanceHypercube: 2190.125567
distanceTrue: 1979.694926
Nearest neighbor-7: 49834
distanceHypercube: 2211.890594
distanceTrue: 1987.763819
Nearest neighbor-8: 42554
distanceHypercube: 2218.993015
distanceTrue: 1989.255137
Nearest neighbor-9: 13833
distanceHypercube: 2234.460338
distanceTrue: 2004.937655
Nearest neighbor-10: 36114
distanceHypercube: 2244.336428
distanceTrue: 2014.582835
tHypercube: 6.000000
tTrue: 46.000000
1000-near neighbors:

Query: 10
Nearest neighbor-1: 17168
distanceHypercube: 1146.709205
distanceTrue: 991.597701
Nearest neighbor-2: 49548
distanceHypercube: 1203.673544
distanceTrue: 1146.709205
Nearest neighbor-3: 49548
distanceHypercube: 1203.673544
distanceTrue: 1179.635113
Nearest neighbor-4: 55010
distanceHypercube: 1364.026026
distanceTrue: 1203.673544
Nearest neighbor-5: 38612
distanceHypercube: 1370.694714
distanceTrue: 1249.275390
Nearest neighbor-6: 14896
distanceHypercube: 1421.591714
distanceTrue: 1250.971622
Nearest neighbor-7: 12238
distanceHypercube: 1427.125783
distanceTrue: 1300.803213
Nearest neighbor-8: 58736
distanceHypercube: 1429.815722
distanceTrue: 1301.679684
Nearest neighbor-9: 36350
distanceHypercube: 1462.396321
distanceTrue: 1304.893865
Nearest neighbor-10: 15710
distanceHypercube: 1467.654251
distanceTrue: 1308.328323
tHypercube: 5.000000
tTrue: 47.000000
1000-near neighbors:
