
Query: 1
Nearest neighbor-1: 38621
distanceLSH: 793.986776
distanceTrue: 676.584067
Nearest neighbor-2: 16187
distanceLSH: 862.676649
distanceTrue: 793.986776
Nearest neighbor-3: 44567
distanceLSH: 917.632279
distanceTrue: 862.676649
Nearest neighbor-4: 40369
distanceLSH: 922.146951
distanceTrue: 864.503904
Nearest neighbor-5: 35920
distanceLSH: 1009.360689
distanceTrue: 894.699950
Nearest neighbor-6: 48109
distanceLSH: 1029.610120
distanceTrue: 909.704348
Nearest neighbor-7: 57205
distanceLSH: 1052.144477
distanceTrue: 917.632279
Nearest neighbor-8: 31074
distanceLSH: 1079.900921
distanceTrue: 921.624110
Nearest neighbor-9: 25973
distanceLSH: 1099.543087
distanceTrue: 922.146951
Nearest neighbor-10: 31615
distanceLSH: 1131.670005
distanceTrue: 943.497218
tLSH: 1.000000
tTrue: 47.000000
1000-near neighbors:
Nearest neighbor-1: 38621
Nearest neighbor-2: 40369
Nearest neighbor-3: 44567
Nearest neighbor-4: 16187

Query: 2
Nearest neighbor-1: 24011
distanceLSH: 1408.383826
distanceTrue: 1162.931640
Nearest neighbor-2: 28269
distanceLSH: 1789.056176
distanceTrue: 1211.844462
Nearest neighbor-3: 42724
distanceLSH: 2025.162710
distanceTrue: 1285.928458
Nearest neighbor-4: 77
distanceLSH: 2035.788545
distanceTrue: 1292.118416
Nearest neighbor-5: 39888
distanceLSH: 2096.285763
distanceTrue: 1330.796378
Nearest neighbor-6: 36068
distanceLSH: 2098.183262
distanceTrue: 1365.368082
Nearest neighbor-7: 26473
distanceLSH: 2103.538685
distanceTrue: 1374.848355
Nearest neighbor-8: 18169
distanceLSH: 2108.108631
distanceTrue: 1408.383826
Nearest neighbor-9: 26033
distanceLSH: 2158.116540
distanceTrue: 1410.392853
Nearest neighbor-10: 3475
distanceLSH: 2161.339400
distanceTrue: 1432.937891
tLSH: 0.000000
tTrue: 47.000000
1000-near neighbors:

Query: 3
Nearest neighbor-1: 58742
distanceLSH: 321.662867
distanceTrue: 321.662867
Nearest neighbor-2: 46513
distanceLSH: 332.463532
distanceTrue: 332.463532
Nearest neighbor-3: 15225
distanceLSH: 341.048384
distanceTrue: 341.048384
Nearest neighbor-4: 47334
distanceLSH: 367.714563
distanceTrue: 367.714563
Nearest neighbor-5: 44039
distanceLSH: 377.330094
distanceTrue: 377.330094
Nearest neighbor-6: 42532
distanceLSH: 416.665333
distanceTrue: 416.665333
Nearest neighbor-7: 39365
distanceLSH: 429.134012
distanceTrue: 429.134012
Nearest neighbor-8: 53362
distanceLSH: 431.847195
distanceTrue: 431.847195
Nearest neighbor-9: 12579
distanceLSH: 439.352933
distanceTrue: 439.352933
Nearest neighbor-10: 27685
distanceLSH: 442.757270
distanceTrue: 442.757270
tLSH: 4.000000
tTrue: 47.000000
1000-near neighbors:
Nearest neighbor-1: 467
Nearest neighbor-2: 539
Nearest neighbor-3: 1066
Nearest neighbor-4: 1698
Nearest neighbor-5: 1704
Nearest neighbor-6: 1808
Nearest neighbor-7: 2084
Nearest neighbor-8: 2302
Nearest neighbor-9: 2693
Nearest neighbor-10: 2871
Nearest neighbor-11: 3603
Nearest neighbor-12: 3764
Nearest neighbor-13: 4287
Nearest neighbor-14: 4709
Nearest neighbor-15: 5115
Nearest neighbor-16: 5733
Nearest neighbor-17: 6123
Nearest neighbor-18: 6263
Nearest neighbor-19: 6381
Nearest neighbor-20: 6610
Nearest neighbor-21: 6776
Nearest neighbor-22: 7610
Nearest neighbor-23: 7913
Nearest neighbor-24: 8964
Nearest neighbor-25: 8988
Nearest neighbor-26: 9107
Nearest neighbor-27: 9816
Nearest neighbor-28: 9908
Nearest neighbor-29: 9988
Nearest neighbor-30: 10660
Nearest neighbor-31: 10864
Nearest neighbor-32: 10879
Nearest neighbor-33: 10886
Nearest neighbor-34: 11353
Nearest neighbor-35: 11810
Nearest neighbor-36: 11836
Nearest neighbor-37: 11896
Nearest neighbor-38: 11902
Nearest neighbor-39: 12159
Nearest neighbor-40: 12579
Nearest neighbor-41: 12635
Nearest neighbor-42: 12846
Nearest neighbor-43: 13103
Nearest neighbor-44: 13107
Nearest neighbor-45: 13505
Nearest neighbor-46: 13515
Nearest neighbor-47: 13885
Nearest neighbor-48: 14197
Nearest neighbor-49: 14428
Nearest neighbor-50: 14954
Nearest neighbor-51: 14981
Nearest neighbor-52: 14987
Nearest neighbor-53: 15002
Nearest neighbor-54: 15074
Nearest neighbor-55: 15096
Nearest neighbor-56: 15225
Nearest neighbor-57: 15439
Nearest neighbor-58: 15440
Nearest neighbor-59: 15609
Nearest neighbor-60: 15866
Nearest neighbor-61: 15975
Nearest neighbor-62: 16309
Nearest neighbor-63: 16368
Nearest neighbor-64: 16547
Nearest neighbor-65: 16652
Nearest neighbor-66: 16692
Nearest neighbor-67: 16945
Nearest neighbor-68: 17439
Nearest neighbor-69: 17749
Nearest neighbor-70: 18180
Nearest neighbor-71: 18287
Nearest neighbor-72: 18453
Nearest neighbor-73: 18660
Nearest neighbor-74: 18782
Nearest neighbor-75: 18919
Nearest neighbor-76: 19527
Nearest neighbor-77: 19675
Nearest neighbor-78: 19881
Nearest neighbor-79: 19969
Nearest neighbor-80: 20065
Nearest neighbor-81: 20095
Nearest neighbor-82: 20605
Nearest neighbor-83: 20707
Nearest neighbor-84: 20975
Nearest neighbor-85: 21052
Nearest neighbor-86: 21144
Nearest neighbor-87: 21174
Nearest neighbor-88: 21343
Nearest neighbor-89: 21698
Nearest neighbor-90: 21819
Nearest neighbor-91: 22165
Nearest neighbor-92: 22657
Nearest neighbor-93: 22701
Nearest neighbor-94: 23177
Nearest neighbor-95: 23246
Nearest neighbor-96: 23853
Nearest neighbor-97: 23974
Nearest neighbor-98: 24289
Nearest neighbor-99: 24484
Nearest neighbor-100: 24565
Nearest neighbor-101: 25104
Nearest neighbor-102: 25265
Nearest neighbor-103: 25415
Nearest neighbor-104: 26100
Nearest neighbor-105: 26391
Nearest neighbor-106: 26582
Nearest neighbor-107: 26962
Nearest neighbor-108: 27035
Nearest neighbor-109: 27064
Nearest neighbor-110: 27658
Nearest neighbor-111: 27786
Nearest neighbor-112: 27887
Nearest neighbor-113: 28246
Nearest neighbor-114: 28489
Nearest neighbor-115: 28719
Nearest neighbor-116: 28793
Nearest neighbor-117: 29604
Nearest neighbor-118: 29652
Nearest neighbor-119: 30568
Nearest neighbor-120: 30910
Nearest neighbor-121: 31013
Nearest neighbor-122: 31034
Nearest neighbor-123: 31062
Nearest neighbor-124: 31180
Nearest neighbor-125: 31297
Nearest neighbor-126: 31530
Nearest neighbor-127: 31719
Nearest neighbor-128: 31765
Nearest neighbor-129: 31847
Nearest neighbor-130: 31863
Nearest neighbor-131: 32039
Nearest neighbor-132: 32598
Nearest neighbor-133: 32636
Nearest neighbor-134: 32719
Nearest neighbor-135: 32808
Nearest neighbor-136: 32825
Nearest neighbor-137: 32872
Nearest neighbor-138: 32888
Nearest neighbor-139: 33109
Nearest neighbor-140: 33123
Nearest neighbor-141: 33624
Nearest neighbor-142: 34163
Nearest neighbor-143: 34468
Nearest neighbor-144: 34939
Nearest neighbor-145: 35799
Nearest neighbor-146: 36559
Nearest neighbor-147: 36832
Nearest neighbor-148: 36956
Nearest neighbor-149: 37599
Nearest neighbor-150: 37675
Nearest neighbor-151: 37940
Nearest neighbor-152: 38028
Nearest neighbor-153: 38456
Nearest neighbor-154: 38526
Nearest neighbor-155: 38667
Nearest neighbor-156: 39301
Nearest neighbor-157: 39365
Nearest neighbor-158: 40059
Nearest neighbor-159: 40605
Nearest neighbor-160: 40697
Nearest neighbor-161: 40717
Nearest neighbor-162: 40879
Nearest neighbor-163: 41493
Nearest neighbor-164: 41863
Nearest neighbor-165: 42099
Nearest neighbor-166: 42103
Nearest neighbor-167: 42289
Nearest neighbor-168: 42532
Nearest neighbor-169: 42579
Nearest neighbor-170: 42838
Nearest neighbor-171: 42847
Nearest neighbor-172: 42894
Nearest neighbor-173: 42968
Nearest neighbor-174: 43072
Nearest neighbor-175: 43119
Nearest neighbor-176: 43129
Nearest neighbor-177: 43132
Nearest neighbor-178: 43215
Nearest neighbor-179: 43617
Nearest neighbor-180: 43762
Nearest neighbor-181: 43792
Nearest neighbor-182: 43845
Nearest neighbor-183: 44221
Nearest neighbor-184: 44562
Nearest neighbor-185: 44678
Nearest neighbor-186: 45030
Nearest neighbor-187: 45589
Nearest neighbor-188: 45666
Nearest neighbor-189: 46335
Nearest neighbor-190: 46513
Nearest neighbor-191: 46519
Nearest neighbor-192: 47188
Nearest neighbor-193: 47328
Nearest neighbor-194: 48254
Nearest neighbor-195: 48664
Nearest neighbor-196: 49339
Nearest neighbor-197: 49360
Nearest neighbor-198: 49973
Nearest neighbor-199: 50033
Nearest neighbor-200: 50226
Nearest neighbor-201: 50789
Nearest neighbor-202: 51896
Nearest neighbor-203: 52221
Nearest neighbor-204: 52419
Nearest neighbor-205: 52532
Nearest neighbor-206: 52570
Nearest neighbor-207: 52628
Nearest neighbor-208: 52851
Nearest neighbor-209: 53005
Nearest neighbor-210: 53362
Nearest neighbor-211: 53372
Nearest neighbor-212: 53588
Nearest neighbor-213: 53668
Nearest neighbor-214: 53715
Nearest neighbor-215: 53762
Nearest neighbor-216: 54095
Nearest neighbor-217: 54545
Nearest neighbor-218: 55122
Nearest neighbor-219: 55280
Nearest neighbor-220: 55318
Nearest neighbor-221: 55989
Nearest neighbor-222: 56017
Nearest neighbor-223: 56292
Nearest neighbor-224: 56334
Nearest neighbor-225: 56368
Nearest neighbor-226: 56903
Nearest neighbor-227: 56911
Nearest neighbor-228: 57058
Nearest neighbor-229: 57161
Nearest neighbor-230: 57251
Nearest neighbor-231: 57340
Nearest neighbor-232: 57685
Nearest neighbor-233: 57907
Nearest neighbor-234: 58092
Nearest neighbor-235: 58482
Nearest neighbor-236: 58558
Nearest neighbor-237: 58589
Nearest neighbor-238: 58673
Nearest neighbor-239: 58686
Nearest neighbor-240: 58690
Nearest neighbor-241: 58692
Nearest neighbor-242: 58720
Nearest neighbor-243: 58738
Nearest neighbor-244: 58742
Nearest neighbor-245: 58887
Nearest neighbor-246: 58904
Nearest neighbor-247: 58914
Nearest neighbor-248: 59029
Nearest neighbor-249: 59034
Nearest neighbor-250: 59518
Nearest neighbor-251: 59546
Nearest neighbor-252: 59560
Nearest neighbor-253: 59850
Nearest neighbor-254: 277
Nearest neighbor-255: 677
Nearest neighbor-256: 2178
Nearest neighbor-257: 3967
Nearest neighbor-258: 9431
Nearest neighbor-259: 10343
Nearest neighbor-260: 10639
Nearest neighbor-261: 13557
Nearest neighbor-262: 14993
Nearest neighbor-263: 16951
Nearest neighbor-264: 17059
Nearest neighbor-265: 17431
Nearest neighbor-266: 17835
Nearest neighbor-267: 18075
Nearest neighbor-268: 19553
Nearest neighbor-269: 19769
Nearest neighbor-270: 21536
Nearest neighbor-271: 24136
Nearest neighbor-272: 25795
Nearest neighbor-273: 26203
Nearest neighbor-274: 27872
Nearest neighbor-275: 29519
Nearest neighbor-276: 29588
Nearest neighbor-277: 29680
Nearest neighbor-278: 32359
Nearest neighbor-279: 32497
Nearest neighbor-280: 33481
Nearest neighbor-281: 33488
Nearest neighbor-282: 35587
Nearest neighbor-283: 36357
Nearest neighbor-284: 36381
Nearest neighbor-285: 36389
Nearest neighbor-286: 38466
Nearest neighbor-287: 38986
Nearest neighbor-288: 39233
Nearest neighbor-289: 40569
Nearest neighbor-290: 41650
Nearest neighbor-291: 42243
Nearest neighbor-292: 42349
Nearest neighbor-293: 42519
Nearest neighbor-294: 43143
Nearest neighbor-295: 43351
Nearest neighbor-296: 44039
Nearest neighbor-297: 44628
Nearest neighbor-298: 45791
Nearest neighbor-299: 45817
Nearest neighbor-300: 47311
Nearest neighbor-301: 47383
Nearest neighbor-302: 47978
Nearest neighbor-303: 48978
Nearest neighbor-304: 49077
Nearest neighbor-305: 49841
Nearest neighbor-306: 49889
Nearest neighbor-307: 50137
Nearest neighbor-308: 51557
Nearest neighbor-309: 53177
Nearest neighbor-310: 55084
Nearest neighbor-311: 58452
Nearest neighbor-312: 58663
Nearest neighbor-313: 291
Nearest neighbor-314: 605
Nearest neighbor-315: 1659
Nearest neighbor-316: 1700
Nearest neighbor-317: 2123
Nearest neighbor-318: 2531
Nearest neighbor-319: 2989
Nearest neighbor-320: 3772
Nearest neighbor-321: 3964
Nearest neighbor-322: 4658
Nearest neighbor-323: 6748
Nearest neighbor-324: 7177
Nearest neighbor-325: 7470
Nearest neighbor-326: 7492
Nearest neighbor-327: 10563
Nearest neighbor-328: 11388
Nearest neighbor-329: 11510
Nearest neighbor-330: 11868
Nearest neighbor-331: 12107
Nearest neighbor-332: 12363
Nearest neighbor-333: 13454
Nearest neighbor-334: 13701
Nearest neighbor-335: 14504
Nearest neighbor-336: 14859
Nearest neighbor-337: 14996
Nearest neighbor-338: 15232
Nearest neighbor-339: 15941
Nearest neighbor-340: 16363
Nearest neighbor-341: 16372
Nearest neighbor-342: 16448
Nearest neighbor-343: 16566
Nearest neighbor-344: 16700
Nearest neighbor-345: 17403
Nearest neighbor-346: 17600
Nearest neighbor-347: 18493
Nearest neighbor-348: 18542
Nearest neighbor-349: 19511
Nearest neighbor-350: 20466
Nearest neighbor-351: 20849
Nearest neighbor-352: 21201
Nearest neighbor-353: 21556
Nearest neighbor-354: 21576
Nearest neighbor-355: 22777
Nearest neighbor-356: 22849
Nearest neighbor-357: 23836
Nearest neighbor-358: 24488
Nearest neighbor-359: 25525
Nearest neighbor-360: 25541
Nearest neighbor-361: 25859
Nearest neighbor-362: 26699
Nearest neighbor-363: 26727
Nearest neighbor-364: 26960
Nearest neighbor-365: 27143
Nearest neighbor-366: 27685
Nearest neighbor-367: 28111
Nearest neighbor-368: 31167
Nearest neighbor-369: 31933
Nearest neighbor-370: 33184
Nearest neighbor-371: 33232
Nearest neighbor-372: 35405
Nearest neighbor-373: 36434
Nearest neighbor-374: 36934
Nearest neighbor-375: 38770
Nearest neighbor-376: 38976
Nearest neighbor-377: 38977
Nearest neighbor-378: 39937
Nearest neighbor-379: 39989
Nearest neighbor-380: 40363
Nearest neighbor-381: 41104
Nearest neighbor-382: 41387
Nearest neighbor-383: 42853
Nearest neighbor-384: 42928
Nearest neighbor-385: 43018
Nearest neighbor-386: 43706
Nearest neighbor-387: 43952
Nearest neighbor-388: 44858
Nearest neighbor-389: 44968
Nearest neighbor-390: 44987
Nearest neighbor-391: 45183
Nearest neighbor-392: 46182
Nearest neighbor-393: 47042
Nearest neighbor-394: 47217
Nearest neighbor-395: 47230
Nearest neighbor-396: 47260
Nearest neighbor-397: 47334
Nearest neighbor-398: 47401
Nearest neighbor-399: 49135
Nearest neighbor-400: 50839
Nearest neighbor-401: 50912
Nearest neighbor-402: 51006
Nearest neighbor-403: 51034
Nearest neighbor-404: 51541
Nearest neighbor-405: 52057
Nearest neighbor-406: 53594
Nearest neighbor-407: 53595
Nearest neighbor-408: 54174
Nearest neighbor-409: 54214
Nearest neighbor-410: 54717
Nearest neighbor-411: 55500
Nearest neighbor-412: 56436
Nearest neighbor-413: 58611
Nearest neighbor-414: 59489
Nearest neighbor-415: 1666
Nearest neighbor-416: 1788
Nearest neighbor-417: 2087
Nearest neighbor-418: 2958
Nearest neighbor-419: 3346
Nearest neighbor-420: 3756
Nearest neighbor-421: 4555
Nearest neighbor-422: 7150
Nearest neighbor-423: 7318
Nearest neighbor-424: 8807
Nearest neighbor-425: 11856
Nearest neighbor-426: 12735
Nearest neighbor-427: 13267
Nearest neighbor-428: 14299
Nearest neighbor-429: 14347
Nearest neighbor-430: 16022
Nearest neighbor-431: 19069
Nearest neighbor-432: 20428
Nearest neighbor-433: 23119
Nearest neighbor-434: 24864
Nearest neighbor-435: 25004
Nearest neighbor-436: 25254
Nearest neighbor-437: 26097
Nearest neighbor-438: 26446
Nearest neighbor-439: 26460
Nearest neighbor-440: 27570
Nearest neighbor-441: 27760
Nearest neighbor-442: 27886
Nearest neighbor-443: 28483
Nearest neighbor-444: 29841
Nearest neighbor-445: 30722
Nearest neighbor-446: 30902
Nearest neighbor-447: 32180
Nearest neighbor-448: 33801
Nearest neighbor-449: 35358
Nearest neighbor-450: 36595
Nearest neighbor-451: 38592
Nearest neighbor-452: 39786
Nearest neighbor-453: 41419
Nearest neighbor-454: 43007
Nearest neighbor-455: 43780
Nearest neighbor-456: 43888
Nearest neighbor-457: 46114
Nearest neighbor-458: 46226
Nearest neighbor-459: 46851
Nearest neighbor-460: 48630
Nearest neighbor-461: 49036
Nearest neighbor-462: 51052
Nearest neighbor-463: 51901
Nearest neighbor-464: 52823
Nearest neighbor-465: 53410
Nearest neighbor-466: 53792
Nearest neighbor-467: 53824
Nearest neighbor-468: 53872
Nearest neighbor-469: 53888
Nearest neighbor-470: 55325
Nearest neighbor-471: 55932
Nearest neighbor-472: 57779
Nearest neighbor-473: 58512
Nearest neighbor-474: 58592
Nearest neighbor-475: 58598
Nearest neighbor-476: 58619
Nearest neighbor-477: 1045
Nearest neighbor-478: 1978
Nearest neighbor-479: 3133
Nearest neighbor-480: 4167
Nearest neighbor-481: 9241
Nearest neighbor-482: 9797
Nearest neighbor-483: 10086
Nearest neighbor-484: 10377
Nearest neighbor-485: 11794
Nearest neighbor-486: 12919
Nearest neighbor-487: 14017
Nearest neighbor-488: 14871
Nearest neighbor-489: 16111
Nearest neighbor-490: 19290
Nearest neighbor-491: 20275
Nearest neighbor-492: 20475
Nearest neighbor-493: 20989
Nearest neighbor-494: 23239
Nearest neighbor-495: 23349
Nearest neighbor-496: 25596
Nearest neighbor-497: 26474
Nearest neighbor-498: 28517
Nearest neighbor-499: 29568
Nearest neighbor-500: 30159
Nearest neighbor-501: 30849
Nearest neighbor-502: 31421
Nearest neighbor-503: 33093
Nearest neighbor-504: 36944
Nearest neighbor-505: 40221
Nearest neighbor-506: 47244
Nearest neighbor-507: 48806
Nearest neighbor-508: 51667
Nearest neighbor-509: 51906
Nearest neighbor-510: 52499
Nearest neighbor-511: 54224
Nearest neighbor-512: 54810
Nearest neighbor-513: 55413
Nearest neighbor-514: 56253
Nearest neighbor-515: 56344
Nearest neighbor-516: 57047

Query: 4
Nearest neighbor-1: 26140
distanceLSH: 1333.445912
distanceTrue: 1221.582580
Nearest neighbor-2: 6358
distanceLSH: 1335.955089
distanceTrue: 1228.232063
Nearest neighbor-3: 34274
distanceLSH: 1389.882009
distanceTrue: 1238.338807
Nearest neighbor-4: 54716
distanceLSH: 1486.753510
distanceTrue: 1251.648912
Nearest neighbor-5: 24152
distanceLSH: 1568.372405
distanceTrue: 1297.786577
Nearest neighbor-6: 25006
distanceLSH: 1568.400459
distanceTrue: 1304.358846
Nearest neighbor-7: 50840
distanceLSH: 1572.584179
distanceTrue: 1304.548198
Nearest neighbor-8: 29773
distanceLSH: 1586.311760
distanceTrue: 1309.824416
Nearest neighbor-9: 14162
distanceLSH: 1602.612243
distanceTrue: 1317.403127
Nearest neighbor-10: 21704
distanceLSH: 1604.953270
distanceTrue: 1324.513118
tLSH: 1.000000
tTrue: 47.000000
1000-near neighbors:

Query: 5
Nearest neighbor-1: 50610
distanceLSH: 1169.343833
distanceTrue: 1092.534668
Nearest neighbor-2: 26574
distanceLSH: 1343.768953
distanceTrue: 1096.045619
Nearest neighbor-3: 19597
distanceLSH: 1348.314503
distanceTrue: 1169.343833
Nearest neighbor-4: 5407
distanceLSH: 1382.040159
distanceTrue: 1171.875847
Nearest neighbor-5: 54049
distanceLSH: 1385.234637
distanceTrue: 1194.180053
Nearest neighbor-6: 4839
distanceLSH: 1394.334608
distanceTrue: 1213.618556
Nearest neighbor-7: 19923
distanceLSH: 1403.551567
distanceTrue: 1239.341761
Nearest neighbor-8: 38669
distanceLSH: 1409.339562
distanceTrue: 1247.816894
Nearest neighbor-9: 10943
distanceLSH: 1416.178308
distanceTrue: 1288.207670
Nearest neighbor-10: 31985
distanceLSH: 1425.746120
distanceTrue: 1293.149643
tLSH: 1.000000
tTrue: 47.000000
1000-near neighbors:

Query: 6
Nearest neighbor-1: 30810
distanceLSH: 298.124135
distanceTrue: 298.124135
Nearest neighbor-2: 51901
distanceLSH: 312.121771
distanceTrue: 312.121771
Nearest neighbor-3: 3469
distanceLSH: 373.041553
distanceTrue: 373.041553
Nearest neighbor-4: 52628
distanceLSH: 389.914093
distanceTrue: 389.914093
Nearest neighbor-5: 52269
distanceLSH: 394.517427
distanceTrue: 394.517427
Nearest neighbor-6: 9816
distanceLSH: 420.812310
distanceTrue: 420.812310
Nearest neighbor-7: 9313
distanceLSH: 429.627746
distanceTrue: 429.627746
Nearest neighbor-8: 49973
distanceLSH: 437.715661
distanceTrue: 437.715661
Nearest neighbor-9: 20053
distanceLSH: 456.861029
distanceTrue: 444.886502
Nearest neighbor-10: 14981
distanceLSH: 458.480098
distanceTrue: 456.861029
tLSH: 5.000000
tTrue: 47.000000
1000-near neighbors:
Nearest neighbor-1: 467
Nearest neighbor-2: 539
Nearest neighbor-3: 1066
Nearest neighbor-4: 1608
Nearest neighbor-5: 1698
Nearest neighbor-6: 1704
Nearest neighbor-7: 1808
Nearest neighbor-8: 2084
Nearest neighbor-9: 2302
Nearest neighbor-10: 2871
Nearest neighbor-11: 3603
Nearest neighbor-12: 3764
Nearest neighbor-13: 4287
Nearest neighbor-14: 4709
Nearest neighbor-15: 4914
Nearest neighbor-16: 5115
Nearest neighbor-17: 5205
Nearest neighbor-18: 5733
Nearest neighbor-19: 6123
Nearest neighbor-20: 6209
Nearest neighbor-21: 6233
Nearest neighbor-22: 6263
Nearest neighbor-23: 6381
Nearest neighbor-24: 6610
Nearest neighbor-25: 6776
Nearest neighbor-26: 7537
Nearest neighbor-27: 7610
Nearest neighbor-28: 7913
Nearest neighbor-29: 8457
Nearest neighbor-30: 8964
Nearest neighbor-31: 9107
Nearest neighbor-32: 9816
Nearest neighbor-33: 9988
Nearest neighbor-34: 10326
Nearest neighbor-35: 10660
Nearest neighbor-36: 10864
Nearest neighbor-37: 10886
Nearest neighbor-38: 11353
Nearest neighbor-39: 11836
Nearest neighbor-40: 11896
Nearest neighbor-41: 11902
Nearest neighbor-42: 12159
Nearest neighbor-43: 12579
Nearest neighbor-44: 12635
Nearest neighbor-45: 12843
Nearest neighbor-46: 12846
Nearest neighbor-47: 13107
Nearest neighbor-48: 13505
Nearest neighbor-49: 13515
Nearest neighbor-50: 13611
Nearest neighbor-51: 13726
Nearest neighbor-52: 13885
Nearest neighbor-53: 14197
Nearest neighbor-54: 14428
Nearest neighbor-55: 14954
Nearest neighbor-56: 14981
Nearest neighbor-57: 14987
Nearest neighbor-58: 15074
Nearest neighbor-59: 15096
Nearest neighbor-60: 15225
Nearest neighbor-61: 15429
Nearest neighbor-62: 15440
Nearest neighbor-63: 15474
Nearest neighbor-64: 15562
Nearest neighbor-65: 15963
Nearest neighbor-66: 15975
Nearest neighbor-67: 16309
Nearest neighbor-68: 16326
Nearest neighbor-69: 16368
Nearest neighbor-70: 16547
Nearest neighbor-71: 16652
Nearest neighbor-72: 16692
Nearest neighbor-73: 16945
Nearest neighbor-74: 17439
Nearest neighbor-75: 17749
Nearest neighbor-76: 18180
Nearest neighbor-77: 18287
Nearest neighbor-78: 18453
Nearest neighbor-79: 18660
Nearest neighbor-80: 18762
Nearest neighbor-81: 18782
Nearest neighbor-82: 19527
Nearest neighbor-83: 19675
Nearest neighbor-84: 19881
Nearest neighbor-85: 19969
Nearest neighbor-86: 20065
Nearest neighbor-87: 20095
Nearest neighbor-88: 20975
Nearest neighbor-89: 21052
Nearest neighbor-90: 21144
Nearest neighbor-91: 21174
Nearest neighbor-92: 21343
Nearest neighbor-93: 21819
Nearest neighbor-94: 22165
Nearest neighbor-95: 22657
Nearest neighbor-96: 22701
Nearest neighbor-97: 23177
Nearest neighbor-98: 23246
Nearest neighbor-99: 23853
Nearest neighbor-100: 23922
Nearest neighbor-101: 23974
Nearest neighbor-102: 24144
Nearest neighbor-103: 24289
Nearest neighbor-104: 24484
Nearest neighbor-105: 24565
Nearest neighbor-106: 25104
Nearest neighbor-107: 25265
Nearest neighbor-108: 25415
Nearest neighbor-109: 25475
Nearest neighbor-110: 26100
Nearest neighbor-111: 26391
Nearest neighbor-112: 26582
Nearest neighbor-113: 26962
Nearest neighbor-114: 26985
Nearest neighbor-115: 27035
Nearest neighbor-116: 27064
Nearest neighbor-117: 27658
Nearest neighbor-118: 27786
Nearest neighbor-119: 27887
Nearest neighbor-120: 28246
Nearest neighbor-121: 28489
Nearest neighbor-122: 28546
Nearest neighbor-123: 28719
Nearest neighbor-124: 28793
Nearest neighbor-125: 29652
Nearest neighbor-126: 30568
Nearest neighbor-127: 30910
Nearest neighbor-128: 31034
Nearest neighbor-129: 31062
Nearest neighbor-130: 31180
Nearest neighbor-131: 31297
Nearest neighbor-132: 31530
Nearest neighbor-133: 31719
Nearest neighbor-134: 31765
Nearest neighbor-135: 31847
Nearest neighbor-136: 31863
Nearest neighbor-137: 32039
Nearest neighbor-138: 32598
Nearest neighbor-139: 32636
Nearest neighbor-140: 32719
Nearest neighbor-141: 32808
Nearest neighbor-142: 32825
Nearest neighbor-143: 32872
Nearest neighbor-144: 32888
Nearest neighbor-145: 33109
Nearest neighbor-146: 33123
Nearest neighbor-147: 34163
Nearest neighbor-148: 34468
Nearest neighbor-149: 34494
Nearest neighbor-150: 34939
Nearest neighbor-151: 35799
Nearest neighbor-152: 36559
Nearest neighbor-153: 36832
Nearest neighbor-154: 36929
Nearest neighbor-155: 36956
Nearest neighbor-156: 37013
Nearest neighbor-157: 37599
Nearest neighbor-158: 37675
Nearest neighbor-159: 37940
Nearest neighbor-160: 38017
Nearest neighbor-161: 38028
Nearest neighbor-162: 38456
Nearest neighbor-163: 38526
Nearest neighbor-164: 39301
Nearest neighbor-165: 39365
Nearest neighbor-166: 39797
Nearest neighbor-167: 39829
Nearest neighbor-168: 39958
Nearest neighbor-169: 40072
Nearest neighbor-170: 40605
Nearest neighbor-171: 40717
Nearest neighbor-172: 40879
Nearest neighbor-173: 40910
Nearest neighbor-174: 41493
Nearest neighbor-175: 41863
Nearest neighbor-176: 42099
Nearest neighbor-177: 42103
Nearest neighbor-178: 42289
Nearest neighbor-179: 42532
Nearest neighbor-180: 42579
Nearest neighbor-181: 42838
Nearest neighbor-182: 42847
Nearest neighbor-183: 42894
Nearest neighbor-184: 43072
Nearest neighbor-185: 43119
Nearest neighbor-186: 43129
Nearest neighbor-187: 43215
Nearest neighbor-188: 43617
Nearest neighbor-189: 43792
Nearest neighbor-190: 43845
Nearest neighbor-191: 44221
Nearest neighbor-192: 44678
Nearest neighbor-193: 45030
Nearest neighbor-194: 45589
Nearest neighbor-195: 45666
Nearest neighbor-196: 46335
Nearest neighbor-197: 46513
Nearest neighbor-198: 46519
Nearest neighbor-199: 47188
Nearest neighbor-200: 48254
Nearest neighbor-201: 48664
Nearest neighbor-202: 49339
Nearest neighbor-203: 49360
Nearest neighbor-204: 49438
Nearest neighbor-205: 49973
Nearest neighbor-206: 50033
Nearest neighbor-207: 50131
Nearest neighbor-208: 50226
Nearest neighbor-209: 50789
Nearest neighbor-210: 51896
Nearest neighbor-211: 52221
Nearest neighbor-212: 52419
Nearest neighbor-213: 52532
Nearest neighbor-214: 52570
Nearest neighbor-215: 52616
Nearest neighbor-216: 52620
Nearest neighbor-217: 52628
Nearest neighbor-218: 52851
Nearest neighbor-219: 53005
Nearest neighbor-220: 53362
Nearest neighbor-221: 53372
Nearest neighbor-222: 53588
Nearest neighbor-223: 53762
Nearest neighbor-224: 54095
Nearest neighbor-225: 54104
Nearest neighbor-226: 54545
Nearest neighbor-227: 54684
Nearest neighbor-228: 55122
Nearest neighbor-229: 55280
Nearest neighbor-230: 55318
Nearest neighbor-231: 55962
Nearest neighbor-232: 55989
Nearest neighbor-233: 56017
Nearest neighbor-234: 56292
Nearest neighbor-235: 56334
Nearest neighbor-236: 56903
Nearest neighbor-237: 56911
Nearest neighbor-238: 57058
Nearest neighbor-239: 57161
Nearest neighbor-240: 57251
Nearest neighbor-241: 57340
Nearest neighbor-242: 57685
Nearest neighbor-243: 58482
Nearest neighbor-244: 58589
Nearest neighbor-245: 58673
Nearest neighbor-246: 58686
Nearest neighbor-247: 58690
Nearest neighbor-248: 58692
Nearest neighbor-249: 58738
Nearest neighbor-250: 58742
Nearest neighbor-251: 58887
Nearest neighbor-252: 58904
Nearest neighbor-253: 58914
Nearest neighbor-254: 58966
Nearest neighbor-255: 59029
Nearest neighbor-256: 59518
Nearest neighbor-257: 59560
Nearest neighbor-258: 59833
Nearest neighbor-259: 59850
Nearest neighbor-260: 1659
Nearest neighbor-261: 1735
Nearest neighbor-262: 4555
Nearest neighbor-263: 7974
Nearest neighbor-264: 9313
Nearest neighbor-265: 11136
Nearest neighbor-266: 11363
Nearest neighbor-267: 11406
Nearest neighbor-268: 11955
Nearest neighbor-269: 13649
Nearest neighbor-270: 14517
Nearest neighbor-271: 16268
Nearest neighbor-272: 16372
Nearest neighbor-273: 16944
Nearest neighbor-274: 17030
Nearest neighbor-275: 20053
Nearest neighbor-276: 20238
Nearest neighbor-277: 25113
Nearest neighbor-278: 25765
Nearest neighbor-279: 26145
Nearest neighbor-280: 28168
Nearest neighbor-281: 29266
Nearest neighbor-282: 32475
Nearest neighbor-283: 36787
Nearest neighbor-284: 36922
Nearest neighbor-285: 39158
Nearest neighbor-286: 42820
Nearest neighbor-287: 43880
Nearest neighbor-288: 47395
Nearest neighbor-289: 47869
Nearest neighbor-290: 48023
Nearest neighbor-291: 48849
Nearest neighbor-292: 50683
Nearest neighbor-293: 51901
Nearest neighbor-294: 52269
Nearest neighbor-295: 54693
Nearest neighbor-296: 56883
Nearest neighbor-297: 58052
Nearest neighbor-298: 58480
Nearest neighbor-299: 59045
Nearest neighbor-300: 59489
Nearest neighbor-301: 100
Nearest neighbor-302: 1446
Nearest neighbor-303: 2646
Nearest neighbor-304: 2726
Nearest neighbor-305: 3469
Nearest neighbor-306: 6230
Nearest neighbor-307: 6278
Nearest neighbor-308: 6522
Nearest neighbor-309: 6538
Nearest neighbor-310: 6618
Nearest neighbor-311: 7150
Nearest neighbor-312: 7186
Nearest neighbor-313: 7994
Nearest neighbor-314: 8071
Nearest neighbor-315: 11080
Nearest neighbor-316: 11276
Nearest neighbor-317: 13791
Nearest neighbor-318: 14585
Nearest neighbor-319: 15633
Nearest neighbor-320: 16234
Nearest neighbor-321: 17126
Nearest neighbor-322: 19011
Nearest neighbor-323: 20475
Nearest neighbor-324: 20830
Nearest neighbor-325: 22348
Nearest neighbor-326: 22629
Nearest neighbor-327: 23524
Nearest neighbor-328: 23994
Nearest neighbor-329: 24164
Nearest neighbor-330: 24825
Nearest neighbor-331: 25688
Nearest neighbor-332: 25780
Nearest neighbor-333: 29316
Nearest neighbor-334: 29452
Nearest neighbor-335: 34419
Nearest neighbor-336: 35601
Nearest neighbor-337: 36852
Nearest neighbor-338: 36996
Nearest neighbor-339: 37729
Nearest neighbor-340: 38142
Nearest neighbor-341: 39170
Nearest neighbor-342: 39194
Nearest neighbor-343: 39238
Nearest neighbor-344: 40034
Nearest neighbor-345: 40983
Nearest neighbor-346: 42656
Nearest neighbor-347: 43034
Nearest neighbor-348: 45804
Nearest neighbor-349: 46482
Nearest neighbor-350: 46783
Nearest neighbor-351: 47800
Nearest neighbor-352: 48176
Nearest neighbor-353: 48721
Nearest neighbor-354: 50314
Nearest neighbor-355: 50919
Nearest neighbor-356: 51848
Nearest neighbor-357: 52850
Nearest neighbor-358: 53181
Nearest neighbor-359: 53792
Nearest neighbor-360: 53888
Nearest neighbor-361: 54776
Nearest neighbor-362: 55272
Nearest neighbor-363: 55413
Nearest neighbor-364: 56972
Nearest neighbor-365: 57221
Nearest neighbor-366: 57762
Nearest neighbor-367: 57998
Nearest neighbor-368: 58487
Nearest neighbor-369: 59672
Nearest neighbor-370: 59769
Nearest neighbor-371: 1788
Nearest neighbor-372: 2048
Nearest neighbor-373: 2087
Nearest neighbor-374: 2958
Nearest neighbor-375: 3346
Nearest neighbor-376: 3756
Nearest neighbor-377: 3964
Nearest neighbor-378: 8807
Nearest neighbor-379: 9073
Nearest neighbor-380: 10008
Nearest neighbor-381: 11388
Nearest neighbor-382: 11856
Nearest neighbor-383: 12735
Nearest neighbor-384: 13434
Nearest neighbor-385: 14299
Nearest neighbor-386: 14347
Nearest neighbor-387: 14996
Nearest neighbor-388: 15613
Nearest neighbor-389: 16022
Nearest neighbor-390: 16448
Nearest neighbor-391: 17403
Nearest neighbor-392: 17431
Nearest neighbor-393: 19069
Nearest neighbor-394: 20428
Nearest neighbor-395: 20849
Nearest neighbor-396: 23119
Nearest neighbor-397: 24864
Nearest neighbor-398: 24934
Nearest neighbor-399: 25004
Nearest neighbor-400: 25254
Nearest neighbor-401: 26097
Nearest neighbor-402: 26446
Nearest neighbor-403: 26460
Nearest neighbor-404: 26960
Nearest neighbor-405: 27570
Nearest neighbor-406: 27760
Nearest neighbor-407: 28483
Nearest neighbor-408: 28485
Nearest neighbor-409: 29841
Nearest neighbor-410: 30902
Nearest neighbor-411: 32180
Nearest neighbor-412: 33801
Nearest neighbor-413: 35358
Nearest neighbor-414: 36595
Nearest neighbor-415: 38592
Nearest neighbor-416: 41419
Nearest neighbor-417: 42072
Nearest neighbor-418: 43007
Nearest neighbor-419: 43018
Nearest neighbor-420: 43086
Nearest neighbor-421: 43337
Nearest neighbor-422: 43780
Nearest neighbor-423: 45183
Nearest neighbor-424: 46114
Nearest neighbor-425: 46182
Nearest neighbor-426: 46226
Nearest neighbor-427: 46851
Nearest neighbor-428: 47042
Nearest neighbor-429: 47978
Nearest neighbor-430: 48630
Nearest neighbor-431: 49698
Nearest neighbor-432: 51052
Nearest neighbor-433: 53050
Nearest neighbor-434: 53410
Nearest neighbor-435: 53519
Nearest neighbor-436: 53824
Nearest neighbor-437: 53872
Nearest neighbor-438: 54558
Nearest neighbor-439: 55325
Nearest neighbor-440: 55932
Nearest neighbor-441: 57779
Nearest neighbor-442: 58034
Nearest neighbor-443: 58581
Nearest neighbor-444: 58598
Nearest neighbor-445: 58619
Nearest neighbor-446: 59177
Nearest neighbor-447: 4980
Nearest neighbor-448: 6396
Nearest neighbor-449: 10804
Nearest neighbor-450: 25164
Nearest neighbor-451: 25667
Nearest neighbor-452: 30147
Nearest neighbor-453: 30810
Nearest neighbor-454: 32497
Nearest neighbor-455: 36452
Nearest neighbor-456: 38977
Nearest neighbor-457: 45186
Nearest neighbor-458: 52506
Nearest neighbor-459: 56645

Query: 7
Nearest neighbor-1: 51781
distanceLSH: 1512.530000
distanceTrue: 1302.710636
Nearest neighbor-2: 19523
distanceLSH: 1515.621655
distanceTrue: 1357.007001
Nearest neighbor-3: 273
distanceLSH: 1603.116652
distanceTrue: 1469.772431
Nearest neighbor-4: 15603
distanceLSH: 1611.360295
distanceTrue: 1470.664136
Nearest neighbor-5: 2903
distanceLSH: 1670.755817
distanceTrue: 1471.903529
Nearest neighbor-6: 15417
distanceLSH: 1695.848755
distanceTrue: 1489.441506
Nearest neighbor-7: 55419
distanceLSH: 1745.100857
distanceTrue: 1492.977562
Nearest neighbor-8: 8439
distanceLSH: 1771.996614
distanceTrue: 1501.660747
Nearest neighbor-9: 3039
distanceLSH: 1779.530837
distanceTrue: 1512.530000
Nearest neighbor-10: 50315
distanceLSH: 1790.577840
distanceTrue: 1515.420404
tLSH: 2.000000
tTrue: 46.000000
1000-near neighbors:

Query: 8
Nearest neighbor-1: 41983
distanceLSH: 1289.698802
distanceTrue: 1289.698802
Nearest neighbor-2: 56682
distanceLSH: 1527.681249
distanceTrue: 1396.002507
Nearest neighbor-3: 9684
distanceLSH: 1738.603750
distanceTrue: 1407.506305
Nearest neighbor-4: 23481
distanceLSH: 1767.873016
distanceTrue: 1458.509513
Nearest neighbor-5: 52075
distanceLSH: 1769.303253
distanceTrue: 1470.165297
Nearest neighbor-6: 43793
distanceLSH: 1797.671828
distanceTrue: 1477.582823
Nearest neighbor-7: 27232
distanceLSH: 1809.751917
distanceTrue: 1505.047840
Nearest neighbor-8: 18378
distanceLSH: 1810.425917
distanceTrue: 1510.888811
Nearest neighbor-9: 18399
distanceLSH: 1823.939692
distanceTrue: 1527.681249
Nearest neighbor-10: 32305
distanceLSH: 1872.386178
distanceTrue: 1555.034083
tLSH: 0.000000
tTrue: 47.000000
1000-near neighbors:

Query: 9
Nearest neighbor-1: 45257
distanceLSH: 2091.186266
distanceTrue: 1735.343770
Nearest neighbor-2: 53380
distanceLSH: 2165.041801
distanceTrue: 1739.138867
Nearest neighbor-3: 42358
distanceLSH: 2193.808105
distanceTrue: 1797.212842
Nearest neighbor-4: 20737
distanceLSH: 2221.112109
distanceTrue: 1930.092485
Nearest neighbor-5: 42378
distanceLSH: 2235.666120
distanceTrue: 1952.620547
Nearest neighbor-6: 22190
distanceLSH: 2237.530335
distanceTrue: 1979.694926
Nearest neighbor-7: 27885
distanceLSH: 2242.637287
distanceTrue: 1987.763819
Nearest neighbor-8: 18583
distanceLSH: 2257.789849
distanceTrue: 1989.255137
Nearest neighbor-9: 45751
distanceLSH: 2278.284662
distanceTrue: 2004.937655
Nearest neighbor-10: 25268
distanceLSH: 2335.665858
distanceTrue: 2014.582835
tLSH: 0.000000
tTrue: 46.000000
1000-near neighbors:

Query: 10
Nearest neighbor-1: 5045
distanceLSH: 991.597701
distanceTrue: 991.597701
Nearest neighbor-2: 33256
distanceLSH: 1304.893865
distanceTrue: 1146.709205
Nearest neighbor-3: 15655
distanceLSH: 1350.812348
distanceTrue: 1179.635113
Nearest neighbor-4: 5646
distanceLSH: 1368.330735
distanceTrue: 1203.673544
Nearest neighbor-5: 31276
distanceLSH: 1402.635377
distanceTrue: 1249.275390
Nearest neighbor-6: 4066
distanceLSH: 1421.637436
distanceTrue: 1250.971622
Nearest neighbor-7: 42644
distanceLSH: 1428.825742
distanceTrue: 1300.803213
Nearest neighbor-8: 58736
distanceLSH: 1429.815722
distanceTrue: 1301.679684
Nearest neighbor-9: 31338
distanceLSH: 1436.432386
distanceTrue: 1304.893865
Nearest neighbor-10: 44084
distanceLSH: 1439.631897
distanceTrue: 1308.328323
tLSH: 2.000000
tTrue: 46.000000
1000-near neighbors:
Nearest neighbor-1: 5045
